Determining if the pthread_create exist failed with the following output:
Change Dir: /home/karel/Documents/University/WS2019/AAIP/software_integration/build/CMakeFiles/CMakeTmp

Run Build Command:"/usr/bin/make" "cmTC_9b711/fast"
/usr/bin/make -f CMakeFiles/cmTC_9b711.dir/build.make CMakeFiles/cmTC_9b711.dir/build
make[1]: Entering directory '/home/karel/Documents/University/WS2019/AAIP/software_integration/build/CMakeFiles/CMakeTmp'
Building C object CMakeFiles/cmTC_9b711.dir/CheckSymbolExists.c.o
/usr/bin/cc    -o CMakeFiles/cmTC_9b711.dir/CheckSymbolExists.c.o   -c /home/karel/Documents/University/WS2019/AAIP/software_integration/build/CMakeFiles/CMakeTmp/CheckSymbolExists.c
Linking C executable cmTC_9b711
/usr/bin/cmake -E cmake_link_script CMakeFiles/cmTC_9b711.dir/link.txt --verbose=1
/usr/bin/cc      -rdynamic CMakeFiles/cmTC_9b711.dir/CheckSymbolExists.c.o  -o cmTC_9b711 
CMakeFiles/cmTC_9b711.dir/CheckSymbolExists.c.o: In function `main':
CheckSymbolExists.c:(.text+0x1b): undefined reference to `pthread_create'
collect2: error: ld returned 1 exit status
CMakeFiles/cmTC_9b711.dir/build.make:97: recipe for target 'cmTC_9b711' failed
make[1]: *** [cmTC_9b711] Error 1
make[1]: Leaving directory '/home/karel/Documents/University/WS2019/AAIP/software_integration/build/CMakeFiles/CMakeTmp'
Makefile:126: recipe for target 'cmTC_9b711/fast' failed
make: *** [cmTC_9b711/fast] Error 2

File /home/karel/Documents/University/WS2019/AAIP/software_integration/build/CMakeFiles/CMakeTmp/CheckSymbolExists.c:
/* */
#include <pthread.h>

int main(int argc, char** argv)
{
  (void)argv;
#ifndef pthread_create
  return ((int*)(&pthread_create))[argc];
#else
  (void)argc;
  return 0;
#endif
}

Determining if the function pthread_create exists in the pthreads failed with the following output:
Change Dir: /home/karel/Documents/University/WS2019/AAIP/software_integration/build/CMakeFiles/CMakeTmp

Run Build Command:"/usr/bin/make" "cmTC_94e37/fast"
/usr/bin/make -f CMakeFiles/cmTC_94e37.dir/build.make CMakeFiles/cmTC_94e37.dir/build
make[1]: Entering directory '/home/karel/Documents/University/WS2019/AAIP/software_integration/build/CMakeFiles/CMakeTmp'
Building C object CMakeFiles/cmTC_94e37.dir/CheckFunctionExists.c.o
/usr/bin/cc   -DCHECK_FUNCTION_EXISTS=pthread_create   -o CMakeFiles/cmTC_94e37.dir/CheckFunctionExists.c.o   -c /usr/share/cmake-3.10/Modules/CheckFunctionExists.c
Linking C executable cmTC_94e37
/usr/bin/cmake -E cmake_link_script CMakeFiles/cmTC_94e37.dir/link.txt --verbose=1
/usr/bin/cc  -DCHECK_FUNCTION_EXISTS=pthread_create    -rdynamic CMakeFiles/cmTC_94e37.dir/CheckFunctionExists.c.o  -o cmTC_94e37 -lpthreads 
/usr/bin/ld: cannot find -lpthreads
collect2: error: ld returned 1 exit status
CMakeFiles/cmTC_94e37.dir/build.make:97: recipe for target 'cmTC_94e37' failed
make[1]: *** [cmTC_94e37] Error 1
make[1]: Leaving directory '/home/karel/Documents/University/WS2019/AAIP/software_integration/build/CMakeFiles/CMakeTmp'
Makefile:126: recipe for target 'cmTC_94e37/fast' failed
make: *** [cmTC_94e37/fast] Error 2


Determining if the Q_WS_WIN exist failed with the following output:
Change Dir: /home/karel/Documents/University/WS2019/AAIP/software_integration/build/CMakeFiles/CMakeTmp

Run Build Command:"/usr/bin/make" "cmTC_83d1c/fast"
/usr/bin/make -f CMakeFiles/cmTC_83d1c.dir/build.make CMakeFiles/cmTC_83d1c.dir/build
make[1]: Entering directory '/home/karel/Documents/University/WS2019/AAIP/software_integration/build/CMakeFiles/CMakeTmp'
Building CXX object CMakeFiles/cmTC_83d1c.dir/CheckSymbolExists.cxx.o
/usr/bin/c++   -I/usr/include/qt4   -o CMakeFiles/cmTC_83d1c.dir/CheckSymbolExists.cxx.o -c /home/karel/Documents/University/WS2019/AAIP/software_integration/build/CMakeFiles/CMakeTmp/CheckSymbolExists.cxx
/home/karel/Documents/University/WS2019/AAIP/software_integration/build/CMakeFiles/CMakeTmp/CheckSymbolExists.cxx: In function ‘int main(int, char**)’:
/home/karel/Documents/University/WS2019/AAIP/software_integration/build/CMakeFiles/CMakeTmp/CheckSymbolExists.cxx:8:19: error: ‘Q_WS_WIN’ was not declared in this scope
   return ((int*)(&Q_WS_WIN))[argc];
                   ^~~~~~~~
/home/karel/Documents/University/WS2019/AAIP/software_integration/build/CMakeFiles/CMakeTmp/CheckSymbolExists.cxx:8:19: note: suggested alternative: ‘Q_WS_X11’
   return ((int*)(&Q_WS_WIN))[argc];
                   ^~~~~~~~
                   Q_WS_X11
CMakeFiles/cmTC_83d1c.dir/build.make:65: recipe for target 'CMakeFiles/cmTC_83d1c.dir/CheckSymbolExists.cxx.o' failed
make[1]: *** [CMakeFiles/cmTC_83d1c.dir/CheckSymbolExists.cxx.o] Error 1
make[1]: Leaving directory '/home/karel/Documents/University/WS2019/AAIP/software_integration/build/CMakeFiles/CMakeTmp'
Makefile:126: recipe for target 'cmTC_83d1c/fast' failed
make: *** [cmTC_83d1c/fast] Error 2

File /home/karel/Documents/University/WS2019/AAIP/software_integration/build/CMakeFiles/CMakeTmp/CheckSymbolExists.cxx:
/* */
#include <QtCore/qglobal.h>

int main(int argc, char** argv)
{
  (void)argv;
#ifndef Q_WS_WIN
  return ((int*)(&Q_WS_WIN))[argc];
#else
  (void)argc;
  return 0;
#endif
}

Determining if the Q_WS_QWS exist failed with the following output:
Change Dir: /home/karel/Documents/University/WS2019/AAIP/software_integration/build/CMakeFiles/CMakeTmp

Run Build Command:"/usr/bin/make" "cmTC_61bc5/fast"
/usr/bin/make -f CMakeFiles/cmTC_61bc5.dir/build.make CMakeFiles/cmTC_61bc5.dir/build
make[1]: Entering directory '/home/karel/Documents/University/WS2019/AAIP/software_integration/build/CMakeFiles/CMakeTmp'
Building CXX object CMakeFiles/cmTC_61bc5.dir/CheckSymbolExists.cxx.o
/usr/bin/c++   -I/usr/include/qt4   -o CMakeFiles/cmTC_61bc5.dir/CheckSymbolExists.cxx.o -c /home/karel/Documents/University/WS2019/AAIP/software_integration/build/CMakeFiles/CMakeTmp/CheckSymbolExists.cxx
/home/karel/Documents/University/WS2019/AAIP/software_integration/build/CMakeFiles/CMakeTmp/CheckSymbolExists.cxx: In function ‘int main(int, char**)’:
/home/karel/Documents/University/WS2019/AAIP/software_integration/build/CMakeFiles/CMakeTmp/CheckSymbolExists.cxx:8:19: error: ‘Q_WS_QWS’ was not declared in this scope
   return ((int*)(&Q_WS_QWS))[argc];
                   ^~~~~~~~
/home/karel/Documents/University/WS2019/AAIP/software_integration/build/CMakeFiles/CMakeTmp/CheckSymbolExists.cxx:8:19: note: suggested alternative: ‘Q_WS_X11’
   return ((int*)(&Q_WS_QWS))[argc];
                   ^~~~~~~~
                   Q_WS_X11
CMakeFiles/cmTC_61bc5.dir/build.make:65: recipe for target 'CMakeFiles/cmTC_61bc5.dir/CheckSymbolExists.cxx.o' failed
make[1]: *** [CMakeFiles/cmTC_61bc5.dir/CheckSymbolExists.cxx.o] Error 1
make[1]: Leaving directory '/home/karel/Documents/University/WS2019/AAIP/software_integration/build/CMakeFiles/CMakeTmp'
Makefile:126: recipe for target 'cmTC_61bc5/fast' failed
make: *** [cmTC_61bc5/fast] Error 2

File /home/karel/Documents/University/WS2019/AAIP/software_integration/build/CMakeFiles/CMakeTmp/CheckSymbolExists.cxx:
/* */
#include <QtCore/qglobal.h>

int main(int argc, char** argv)
{
  (void)argv;
#ifndef Q_WS_QWS
  return ((int*)(&Q_WS_QWS))[argc];
#else
  (void)argc;
  return 0;
#endif
}

Determining if the Q_WS_MAC exist failed with the following output:
Change Dir: /home/karel/Documents/University/WS2019/AAIP/software_integration/build/CMakeFiles/CMakeTmp

Run Build Command:"/usr/bin/make" "cmTC_89844/fast"
/usr/bin/make -f CMakeFiles/cmTC_89844.dir/build.make CMakeFiles/cmTC_89844.dir/build
make[1]: Entering directory '/home/karel/Documents/University/WS2019/AAIP/software_integration/build/CMakeFiles/CMakeTmp'
Building CXX object CMakeFiles/cmTC_89844.dir/CheckSymbolExists.cxx.o
/usr/bin/c++   -I/usr/include/qt4   -o CMakeFiles/cmTC_89844.dir/CheckSymbolExists.cxx.o -c /home/karel/Documents/University/WS2019/AAIP/software_integration/build/CMakeFiles/CMakeTmp/CheckSymbolExists.cxx
/home/karel/Documents/University/WS2019/AAIP/software_integration/build/CMakeFiles/CMakeTmp/CheckSymbolExists.cxx: In function ‘int main(int, char**)’:
/home/karel/Documents/University/WS2019/AAIP/software_integration/build/CMakeFiles/CMakeTmp/CheckSymbolExists.cxx:8:19: error: ‘Q_WS_MAC’ was not declared in this scope
   return ((int*)(&Q_WS_MAC))[argc];
                   ^~~~~~~~
/home/karel/Documents/University/WS2019/AAIP/software_integration/build/CMakeFiles/CMakeTmp/CheckSymbolExists.cxx:8:19: note: suggested alternative: ‘Q_WS_X11’
   return ((int*)(&Q_WS_MAC))[argc];
                   ^~~~~~~~
                   Q_WS_X11
CMakeFiles/cmTC_89844.dir/build.make:65: recipe for target 'CMakeFiles/cmTC_89844.dir/CheckSymbolExists.cxx.o' failed
make[1]: *** [CMakeFiles/cmTC_89844.dir/CheckSymbolExists.cxx.o] Error 1
make[1]: Leaving directory '/home/karel/Documents/University/WS2019/AAIP/software_integration/build/CMakeFiles/CMakeTmp'
Makefile:126: recipe for target 'cmTC_89844/fast' failed
make: *** [cmTC_89844/fast] Error 2

File /home/karel/Documents/University/WS2019/AAIP/software_integration/build/CMakeFiles/CMakeTmp/CheckSymbolExists.cxx:
/* */
#include <QtCore/qglobal.h>

int main(int argc, char** argv)
{
  (void)argv;
#ifndef Q_WS_MAC
  return ((int*)(&Q_WS_MAC))[argc];
#else
  (void)argc;
  return 0;
#endif
}

